<?xml version="1.0" encoding="UTF-8"?>
<!-- Generated by org.testng.reporters.JUnitReportReporter -->
<testsuite skipped="0" hostname="Kripal-VAIO" name="com.app.pages.AppOperationPage" tests="2" failures="0" timestamp="06 May 2019 06:38:37 GMT" time="0.063" errors="0">
  <testcase name="getInstrumentwiseTraded" time="0.063" classname="com.app.pages.AppOperationPage"/>
  <testcase name="getListOfInstrumentnotTraded" time="0.000" classname="com.app.pages.AppOperationPage"/>
</testsuite> <!-- com.app.pages.AppOperationPage -->
